<?xml version="1.0" encoding="UTF-8"?>
<!-- Generated by org.testng.reporters.JUnitXMLReporter -->
<testsuite hostname="Dev-1003" ignored="0" name="Test" tests="3" failures="0" timestamp="2022-01-15T16:13:05 IST" time="82.592" errors="0">
  <testcase name="basePageNavigation" time="8.99" classname="Academy.HomePage"/>
  <testcase name="basePageNavigation" time="2.712" classname="Academy.HomePage"/>
  <testcase name="basePageNavigation" time="0.054" classname="Academy.validateTitle"/>
</testsuite> <!-- Test -->
