<?xml version="1.0" encoding="UTF-8"?>
<!-- Generated by org.testng.reporters.JUnitXMLReporter -->
<testsuite hostname="Dev-1003" ignored="0" name="Test" tests="3" failures="0" timestamp="2022-01-15T23:30:20 IST" time="30.902" errors="0">
  <testcase name="basePageNavigation" time="7.569" classname="Academy.HomePage"/>
  <testcase name="basePageNavigation" time="2.831" classname="Academy.HomePage"/>
  <testcase name="basePageNavigation" time="0.065" classname="Academy.validateTitle"/>
</testsuite> <!-- Test -->
