-------------------------------------------------------------------------------
Test set: TestSuite
-------------------------------------------------------------------------------
Tests run: 3, Failures: 1, Errors: 0, Skipped: 0, Time elapsed: 98.113 s <<< FAILURE! - in TestSuite
Academy.validateTitle.basePageNavigation  Time elapsed: 0.725 s  <<< FAILURE!
java.lang.AssertionError: expected [FEATURED COURSES1] but found [FEATURED COURSES]
	at Academy.validateTitle.basePageNavigation(validateTitle.java:44)

